<?xml version="1.0" encoding="UTF-8"?>
<!-- Generated by org.testng.reporters.JUnitReportReporter -->
<testsuite hostname="QT-INBG-LT2080" failures="0" tests="1" name="mobileworld1.Signin" time="5.147" errors="0" timestamp="2022-09-20T17:18:44 IST" skipped="0">
  <testcase classname="mobileworld1.Signin" name="register" time="5.147"/>
  <system-out/>
</testsuite> <!-- mobileworld1.Signin -->
