<?xml version="1.0" encoding="UTF-8"?>
<!-- Generated by org.testng.reporters.JUnitReportReporter -->
<testsuite hostname="QT-INBG-LT2080" failures="0" tests="1" name="mobileworld1.Signup" time="4.702" errors="0" timestamp="2022-09-20T17:18:44 IST" skipped="0">
  <testcase classname="mobileworld1.Signup" name="test" time="4.702"/>
  <system-out/>
</testsuite> <!-- mobileworld1.Signup -->
